{"meta": {"format": 2, "version": "7.4.4", "timestamp": "2024-04-05T01:11:55.409142", "branch_coverage": true, "show_contexts": false}, "files": {"poly_llm/to_test/closest_integer.py": {"executed_lines": [20, 22, 24, 27, 28, 29, 30, 32, 33, 34, 38], "summary": {"covered_lines": 11, "num_statements": 14, "percent_covered": 79.16666666666667, "percent_covered_display": "79", "missing_lines": 3, "excluded_lines": 3, "num_branches": 10, "num_partial_branches": 2, "covered_branches": 8, "missing_branches": 2}, "missing_lines": [2, 25, 36], "excluded_lines": [40, 41, 42], "executed_branches": [[22, 24], [22, 27], [24, 27], [28, 29], [28, 33], [29, 30], [29, 32], [33, 34]], "missing_branches": [[24, 25], [33, 36]]}, "test_closest_integer_generated.py": {"executed_lines": [14, 15, 16, 17], "summary": {"covered_lines": 4, "num_statements": 22, "percent_covered": 18.181818181818183, "percent_covered_display": "18", "missing_lines": 18, "excluded_lines": 0, "num_branches": 0, "num_partial_branches": 0, "covered_branches": 0, "missing_branches": 0}, "missing_lines": [1, 2, 3, 4, 5, 6, 7, 8, 9, 10, 11, 12, 13, 18, 19, 20, 21, 22], "excluded_lines": [], "executed_branches": [], "missing_branches": []}}, "totals": {"covered_lines": 15, "num_statements": 36, "percent_covered": 50.0, "percent_covered_display": "50", "missing_lines": 21, "excluded_lines": 3, "num_branches": 10, "num_partial_branches": 2, "covered_branches": 8, "missing_branches": 2}}